  [4;36;1mSQL (0.4ms)[0m   [0;1m SELECT name
 FROM sqlite_master
 WHERE type = 'table' AND NOT name = 'sqlite_sequence'
[0m
  [4;35;1mSQL (0.2ms)[0m   [0mselect sqlite_version(*)[0m
  [4;36;1mSQL (53.6ms)[0m   [0;1mCREATE TABLE "schema_migrations" ("version" varchar(255) NOT NULL) [0m
  [4;35;1mSQL (0.1ms)[0m   [0mPRAGMA index_list("schema_migrations")[0m
  [4;36;1mSQL (12.0ms)[0m   [0;1mCREATE UNIQUE INDEX "unique_schema_migrations" ON "schema_migrations" ("version")[0m
  [4;35;1mSQL (0.2ms)[0m   [0m SELECT name
 FROM sqlite_master
 WHERE type = 'table' AND NOT name = 'sqlite_sequence'
[0m
  [4;36;1mSQL (0.1ms)[0m   [0;1mSELECT version FROM schema_migrations[0m
Migrating to CreateUsers (20100824050329)
  [4;35;1mSQL (0.4ms)[0m   [0mCREATE TABLE "users" ("id" INTEGER PRIMARY KEY AUTOINCREMENT NOT NULL, "login" varchar(255) NOT NULL, "email" varchar(255) NOT NULL, "crypted_password" varchar(255) NOT NULL, "password_salt" varchar(255) NOT NULL, "persistence_token" varchar(255) NOT NULL, "single_access_token" varchar(255) NOT NULL, "perishable_token" varchar(255) NOT NULL, "login_count" integer DEFAULT 0 NOT NULL, "failed_login_count" integer DEFAULT 0 NOT NULL, "last_request_at" datetime, "current_login_at" datetime, "last_login_at" datetime, "current_login_ip" varchar(255), "last_login_ip" varchar(255), "created_at" datetime, "updated_at" datetime) [0m
  [4;36;1mSQL (0.1ms)[0m   [0;1mINSERT INTO schema_migrations (version) VALUES ('20100824050329')[0m
Migrating to CreateUserSessionsTable (20100824052620)
  [4;35;1mSQL (0.3ms)[0m   [0mCREATE TABLE "user_sessions" ("id" INTEGER PRIMARY KEY AUTOINCREMENT NOT NULL, "session_id" varchar(255) NOT NULL, "data" text, "created_at" datetime, "updated_at" datetime) [0m
  [4;36;1mSQL (0.0ms)[0m   [0;1mPRAGMA index_list("sessions")[0m
  [4;35;1mSQL (0.0ms)[0m   [0mSQLite3::SQLException: no such table: main.sessions: CREATE INDEX "index_sessions_on_session_id" ON "sessions" ("session_id")[0m
  [4;36;1mSQL (0.5ms)[0m   [0;1m SELECT name
 FROM sqlite_master
 WHERE type = 'table' AND NOT name = 'sqlite_sequence'
[0m
  [4;35;1mSQL (0.1ms)[0m   [0mSELECT version FROM schema_migrations[0m
Migrating to CreateUsers (20100824050329)
Migrating to CreateUserSessionsTable (20100824052620)
  [4;36;1mSQL (0.1ms)[0m   [0;1mselect sqlite_version(*)[0m
  [4;35;1mSQL (0.5ms)[0m   [0mCREATE TABLE "user_sessions" ("id" INTEGER PRIMARY KEY AUTOINCREMENT NOT NULL, "session_id" varchar(255) NOT NULL, "data" text, "created_at" datetime, "updated_at" datetime) [0m
  [4;36;1mSQL (0.0ms)[0m   [0;1mPRAGMA index_list("user_sessions")[0m
  [4;35;1mSQL (0.1ms)[0m   [0mCREATE INDEX "index_user_sessions_on_session_id" ON "user_sessions" ("session_id")[0m
  [4;36;1mSQL (0.1ms)[0m   [0;1mPRAGMA index_list("user_sessions")[0m
  [4;35;1mSQL (0.1ms)[0m   [0mPRAGMA index_info('index_user_sessions_on_session_id')[0m
  [4;36;1mSQL (0.1ms)[0m   [0;1mCREATE INDEX "index_user_sessions_on_updated_at" ON "user_sessions" ("updated_at")[0m
  [4;35;1mSQL (0.1ms)[0m   [0mINSERT INTO schema_migrations (version) VALUES ('20100824052620')[0m
  [4;36;1mSQL (0.3ms)[0m   [0;1m SELECT name
 FROM sqlite_master
 WHERE type = 'table' AND NOT name = 'sqlite_sequence'
[0m
  [4;35;1mSQL (0.1ms)[0m   [0mSELECT version FROM schema_migrations[0m
  [4;36;1mSQL (0.1ms)[0m   [0;1m SELECT name
 FROM sqlite_master
 WHERE type = 'table' AND NOT name = 'sqlite_sequence'
[0m
  [4;35;1mSQL (0.1ms)[0m   [0mPRAGMA index_list("user_sessions")[0m
  [4;36;1mSQL (0.0ms)[0m   [0;1mPRAGMA index_info('index_user_sessions_on_updated_at')[0m
  [4;35;1mSQL (0.0ms)[0m   [0mPRAGMA index_info('index_user_sessions_on_session_id')[0m
  [4;36;1mSQL (0.1ms)[0m   [0;1mPRAGMA index_list("users")[0m


Processing UserSessionsController#index (for 127.0.0.1 at 2010-08-23 23:29:58) [GET]
  Parameters: {"controller"=>"user_sessions", "action"=>"index"}

ActionController::UnknownAction (No action responded to index. Actions: create, destroy, and new):
  haml (3.0.17) lib/sass/plugin/rack.rb:41:in `call'
  <internal:prelude>:10:in `synchronize'
  /Users/traceyeubanks/.rvm/rubies/ruby-1.9.2-rc2/lib/ruby/1.9.1/webrick/httpserver.rb:111:in `service'
  /Users/traceyeubanks/.rvm/rubies/ruby-1.9.2-rc2/lib/ruby/1.9.1/webrick/httpserver.rb:70:in `run'
  /Users/traceyeubanks/.rvm/rubies/ruby-1.9.2-rc2/lib/ruby/1.9.1/webrick/server.rb:183:in `block in start_thread'

Rendering rescues/layout (not_found)


Processing UserSessionsController#new (for 127.0.0.1 at 2010-08-23 23:31:00) [GET]
  Parameters: {"controller"=>"user_sessions", "action"=>"new"}
  [4;36;1mUser Load (0.2ms)[0m   [0;1mSELECT * FROM "users" WHERE ("users"."id" = '1') LIMIT 1[0m
Rendering template within layouts/application
Rendering user_sessions/new

ActionView::TemplateError (user_session_url failed to generate from {:controller=>"user_sessions", :action=>"show"} - you may have ambiguous routes, or you may need to supply additional parameters for this route.  content_url has the following required parameters: ["user_sessions", :id] - are they all satisfied?) on line #4 of app/views/user_sessions/new.html.haml:
1: %h1
2:   Login
3: 
4: - form_for @user_session, :url => user_session_path do |f|
5:   = f.error_messages
6:   = f.label :login
7:   %br

    (eval):17:in `user_session_path'
    app/views/user_sessions/new.html.haml:4:in `_run_haml_app47views47user_sessions47new46html46haml'
    haml (3.0.17) lib/haml/helpers/action_view_mods.rb:13:in `render_with_haml'
    haml (3.0.17) lib/haml/helpers/action_view_mods.rb:13:in `render_with_haml'
    haml (3.0.17) lib/sass/plugin/rack.rb:41:in `call'
    <internal:prelude>:10:in `synchronize'
    /Users/traceyeubanks/.rvm/rubies/ruby-1.9.2-rc2/lib/ruby/1.9.1/webrick/httpserver.rb:111:in `service'
    /Users/traceyeubanks/.rvm/rubies/ruby-1.9.2-rc2/lib/ruby/1.9.1/webrick/httpserver.rb:70:in `run'
    /Users/traceyeubanks/.rvm/rubies/ruby-1.9.2-rc2/lib/ruby/1.9.1/webrick/server.rb:183:in `block in start_thread'

Rendered rescues/_trace (46.8ms)
Rendered rescues/_request_and_response (0.9ms)
Rendering rescues/layout (internal_server_error)


Processing UserSessionsController#new (for 127.0.0.1 at 2010-08-23 23:31:44) [GET]
  Parameters: {"controller"=>"user_sessions", "action"=>"new"}
  [4;36;1mUser Load (0.2ms)[0m   [0;1mSELECT * FROM "users" WHERE ("users"."id" = '1') LIMIT 1[0m
Rendering template within layouts/application
Rendering user_sessions/new
Completed in 76ms (View: 42, DB: 0) | 200 OK [http://localhost/]


Processing UserSessionsController#new (for 127.0.0.1 at 2010-08-23 23:32:14) [GET]
  Parameters: {"controller"=>"user_sessions", "action"=>"new"}
  [4;35;1mUser Load (0.3ms)[0m   [0mSELECT * FROM "users" WHERE ("users"."id" = '1') LIMIT 1[0m
Rendering template within layouts/application
Rendering user_sessions/new
Completed in 33ms (View: 12, DB: 0) | 200 OK [http://localhost/]


Processing UserSessionsController#new (for 127.0.0.1 at 2010-08-23 23:32:50) [GET]
  Parameters: {"controller"=>"user_sessions", "action"=>"new"}
  [4;36;1mUser Load (0.2ms)[0m   [0;1mSELECT * FROM "users" WHERE ("users"."id" = '1') LIMIT 1[0m
Rendering template within layouts/application
Rendering user_sessions/new
Completed in 24ms (View: 7, DB: 0) | 200 OK [http://localhost/]


Processing UserSessionsController#new (for 127.0.0.1 at 2010-08-23 23:33:24) [GET]
  Parameters: {"controller"=>"user_sessions", "action"=>"new"}
  [4;35;1mUser Load (0.2ms)[0m   [0mSELECT * FROM "users" WHERE ("users"."id" = '1') LIMIT 1[0m
Rendering template within layouts/application
Rendering user_sessions/new

ActionView::TemplateError (form_for outputs directly to the Haml template.
Disregard its return value and use the - operator,
or use capture_haml to get the value as a String.
) on line #21 of app/views/user_sessions/new.html.haml:
18:   %br
19:   %br
20:   = f.submit "Login"

    haml (3.0.17) lib/haml/buffer.rb:139:in `format_script_false_false_false_false_false_false_false'
    app/views/user_sessions/new.html.haml:21:in `_run_haml_app47views47user_sessions47new46html46haml'
    haml (3.0.17) lib/haml/helpers/action_view_mods.rb:13:in `render_with_haml'
    haml (3.0.17) lib/haml/helpers/action_view_mods.rb:13:in `render_with_haml'
    haml (3.0.17) lib/sass/plugin/rack.rb:41:in `call'
    <internal:prelude>:10:in `synchronize'
    /Users/traceyeubanks/.rvm/rubies/ruby-1.9.2-rc2/lib/ruby/1.9.1/webrick/httpserver.rb:111:in `service'
    /Users/traceyeubanks/.rvm/rubies/ruby-1.9.2-rc2/lib/ruby/1.9.1/webrick/httpserver.rb:70:in `run'
    /Users/traceyeubanks/.rvm/rubies/ruby-1.9.2-rc2/lib/ruby/1.9.1/webrick/server.rb:183:in `block in start_thread'

Rendered rescues/_trace (44.1ms)
Rendered rescues/_request_and_response (1.0ms)
Rendering rescues/layout (internal_server_error)


Processing UserSessionsController#new (for 127.0.0.1 at 2010-08-23 23:33:35) [GET]
  Parameters: {"controller"=>"user_sessions", "action"=>"new"}
  [4;36;1mUser Load (0.3ms)[0m   [0;1mSELECT * FROM "users" WHERE ("users"."id" = '1') LIMIT 1[0m
Rendering template within layouts/application
Rendering user_sessions/new
Completed in 58ms (View: 35, DB: 0) | 200 OK [http://localhost/]


Processing ApplicationController#index (for 127.0.0.1 at 2010-08-23 23:34:01) [GET]

ActionController::RoutingError (No route matches "/user" with {:method=>:get}):
  haml (3.0.17) lib/sass/plugin/rack.rb:41:in `call'
  <internal:prelude>:10:in `synchronize'
  /Users/traceyeubanks/.rvm/rubies/ruby-1.9.2-rc2/lib/ruby/1.9.1/webrick/httpserver.rb:111:in `service'
  /Users/traceyeubanks/.rvm/rubies/ruby-1.9.2-rc2/lib/ruby/1.9.1/webrick/httpserver.rb:70:in `run'
  /Users/traceyeubanks/.rvm/rubies/ruby-1.9.2-rc2/lib/ruby/1.9.1/webrick/server.rb:183:in `block in start_thread'

Rendering rescues/layout (not_found)


Processing UsersController#index (for 127.0.0.1 at 2010-08-23 23:34:07) [GET]
  Parameters: {"controller"=>"users", "action"=>"index"}

ActionController::UnknownAction (No action responded to index. Actions: create, edit, new, show, and update):
  haml (3.0.17) lib/sass/plugin/rack.rb:41:in `call'
  <internal:prelude>:10:in `synchronize'
  /Users/traceyeubanks/.rvm/rubies/ruby-1.9.2-rc2/lib/ruby/1.9.1/webrick/httpserver.rb:111:in `service'
  /Users/traceyeubanks/.rvm/rubies/ruby-1.9.2-rc2/lib/ruby/1.9.1/webrick/httpserver.rb:70:in `run'
  /Users/traceyeubanks/.rvm/rubies/ruby-1.9.2-rc2/lib/ruby/1.9.1/webrick/server.rb:183:in `block in start_thread'

Rendering rescues/layout (not_found)


Processing UsersController#new (for 127.0.0.1 at 2010-08-23 23:34:21) [GET]
  Parameters: {"controller"=>"users", "action"=>"new"}
  [4;35;1mUser Load (0.2ms)[0m   [0mSELECT * FROM "users" WHERE ("users"."id" = '1') LIMIT 1[0m
Rendering template within layouts/application
Rendering users/new

ActionView::TemplateError (undefined local variable or method `account_path' for #<ActionView::Base:0x00000101632110>) on line #4 of app/views/users/new.html.haml:
1: %h1
2:   Register
3: 
4: - form_for @user, :url => account_path do |f|
5:   = f.error_messages
6:   = render :partial => "form", :object => f
7:   = f.submit "Register"

    app/views/users/new.html.haml:4:in `_run_haml_app47views47users47new46html46haml'
    haml (3.0.17) lib/haml/helpers/action_view_mods.rb:13:in `render_with_haml'
    haml (3.0.17) lib/haml/helpers/action_view_mods.rb:13:in `render_with_haml'
    haml (3.0.17) lib/sass/plugin/rack.rb:41:in `call'
    <internal:prelude>:10:in `synchronize'
    /Users/traceyeubanks/.rvm/rubies/ruby-1.9.2-rc2/lib/ruby/1.9.1/webrick/httpserver.rb:111:in `service'
    /Users/traceyeubanks/.rvm/rubies/ruby-1.9.2-rc2/lib/ruby/1.9.1/webrick/httpserver.rb:70:in `run'
    /Users/traceyeubanks/.rvm/rubies/ruby-1.9.2-rc2/lib/ruby/1.9.1/webrick/server.rb:183:in `block in start_thread'

Rendered rescues/_trace (42.5ms)
Rendered rescues/_request_and_response (0.2ms)
Rendering rescues/layout (internal_server_error)
